<?xml version="1.0" encoding="UTF-8"?>
<coverage generated="1675098170308" clover="3.2.0">
  <project timestamp="1675098170308" name="All files">
    <metrics statements="78" coveredstatements="78" conditionals="41" coveredconditionals="40" methods="23" coveredmethods="22" elements="142" coveredelements="140" complexity="0" loc="78" ncloc="78" packages="2" files="7" classes="7"/>
    <package name="src">
      <metrics statements="32" coveredstatements="32" conditionals="10" coveredconditionals="10" methods="11" coveredmethods="11"/>
      <file name="funcGenDiff.js" path="C:\Users\User\frontend-project-46\src\funcGenDiff.js">
        <metrics statements="6" coveredstatements="6" conditionals="0" coveredconditionals="0" methods="1" coveredmethods="1"/>
        <line num="5" count="1" type="stmt"/>
        <line num="6" count="6" type="stmt"/>
        <line num="7" count="6" type="stmt"/>
        <line num="9" count="6" type="stmt"/>
        <line num="10" count="6" type="stmt"/>
        <line num="12" count="6" type="stmt"/>
      </file>
      <file name="makeTree.js" path="C:\Users\User\frontend-project-46\src\makeTree.js">
        <metrics statements="18" coveredstatements="18" conditionals="10" coveredconditionals="10" methods="6" coveredmethods="6"/>
        <line num="3" count="1" type="stmt"/>
        <line num="4" count="18" type="stmt"/>
        <line num="5" count="18" type="stmt"/>
        <line num="7" count="18" type="stmt"/>
        <line num="9" count="18" type="stmt"/>
        <line num="10" count="69" type="cond" truecount="2" falsecount="0"/>
        <line num="11" count="18" type="stmt"/>
        <line num="13" count="51" type="cond" truecount="2" falsecount="0"/>
        <line num="14" count="12" type="stmt"/>
        <line num="16" count="39" type="cond" truecount="2" falsecount="0"/>
        <line num="17" count="12" type="stmt"/>
        <line num="19" count="27" type="cond" truecount="4" falsecount="0"/>
        <line num="20" count="12" type="stmt"/>
        <line num="22" count="15" type="stmt"/>
        <line num="26" count="12" type="stmt"/>
        <line num="27" count="84" type="stmt"/>
        <line num="28" count="67" type="stmt"/>
        <line num="29" count="185" type="stmt"/>
      </file>
      <file name="parsers.js" path="C:\Users\User\frontend-project-46\src\parsers.js">
        <metrics statements="8" coveredstatements="8" conditionals="0" coveredconditionals="0" methods="4" coveredmethods="4"/>
        <line num="5" count="1" type="stmt"/>
        <line num="11" count="12" type="stmt"/>
        <line num="13" count="12" type="stmt"/>
        <line num="15" count="1" type="stmt"/>
        <line num="16" count="12" type="stmt"/>
        <line num="17" count="12" type="stmt"/>
        <line num="18" count="12" type="stmt"/>
        <line num="21" count="12" type="stmt"/>
      </file>
    </package>
    <package name="src.formatters">
      <metrics statements="46" coveredstatements="46" conditionals="31" coveredconditionals="30" methods="12" coveredmethods="11"/>
      <file name="index.js" path="C:\Users\User\frontend-project-46\src\formatters\index.js">
        <metrics statements="4" coveredstatements="4" conditionals="4" coveredconditionals="3" methods="1" coveredmethods="1"/>
        <line num="5" count="1" type="stmt"/>
        <line num="6" count="6" type="cond" truecount="2" falsecount="0"/>
        <line num="7" count="5" type="cond" truecount="1" falsecount="1"/>
        <line num="8" count="5" type="stmt"/>
      </file>
      <file name="json.js" path="C:\Users\User\frontend-project-46\src\formatters\json.js">
        <metrics statements="1" coveredstatements="1" conditionals="0" coveredconditionals="0" methods="1" coveredmethods="0"/>
        <line num="1" count="1" type="stmt"/>
      </file>
      <file name="plain.js" path="C:\Users\User\frontend-project-46\src\formatters\plain.js">
        <metrics statements="21" coveredstatements="21" conditionals="14" coveredconditionals="14" methods="5" coveredmethods="5"/>
        <line num="6" count="1" type="stmt"/>
        <line num="7" count="13" type="cond" truecount="2" falsecount="0"/>
        <line num="8" count="10" type="cond" truecount="2" falsecount="0"/>
        <line num="9" count="3" type="stmt"/>
        <line num="12" count="1" type="stmt"/>
        <line num="13" count="1" type="cond" truecount="1" falsecount="0"/>
        <line num="14" count="5" type="stmt"/>
        <line num="15" count="18" type="stmt"/>
        <line num="16" count="18" type="cond" truecount="1" falsecount="0"/>
        <line num="18" count="18" type="cond" truecount="2" falsecount="0"/>
        <line num="19" count="5" type="stmt"/>
        <line num="21" count="13" type="cond" truecount="2" falsecount="0"/>
        <line num="22" count="2" type="stmt"/>
        <line num="24" count="11" type="cond" truecount="2" falsecount="0"/>
        <line num="25" count="4" type="stmt"/>
        <line num="27" count="7" type="cond" truecount="2" falsecount="0"/>
        <line num="28" count="4" type="stmt"/>
        <line num="31" count="3" type="stmt"/>
        <line num="33" count="5" type="stmt"/>
        <line num="35" count="1" type="stmt"/>
        <line num="36" count="1" type="stmt"/>
      </file>
      <file name="stylish.js" path="C:\Users\User\frontend-project-46\src\formatters\stylish.js">
        <metrics statements="20" coveredstatements="20" conditionals="13" coveredconditionals="13" methods="5" coveredmethods="5"/>
        <line num="6" count="1" type="stmt"/>
        <line num="7" count="72" type="cond" truecount="2" falsecount="0"/>
        <line num="8" count="14" type="stmt"/>
        <line num="9" count="14" type="stmt"/>
        <line num="10" count="18" type="stmt"/>
        <line num="12" count="14" type="stmt"/>
        <line num="15" count="1" type="cond" truecount="2" falsecount="0"/>
        <line num="16" count="13" type="stmt"/>
        <line num="17" count="51" type="stmt"/>
        <line num="18" count="54" type="cond" truecount="1" falsecount="0"/>
        <line num="20" count="51" type="cond" truecount="2" falsecount="0"/>
        <line num="21" count="13" type="stmt"/>
        <line num="23" count="38" type="cond" truecount="2" falsecount="0"/>
        <line num="24" count="10" type="stmt"/>
        <line num="26" count="28" type="cond" truecount="2" falsecount="0"/>
        <line num="27" count="9" type="stmt"/>
        <line num="29" count="19" type="cond" truecount="2" falsecount="0"/>
        <line num="30" count="8" type="stmt"/>
        <line num="33" count="11" type="stmt"/>
        <line num="35" count="13" type="stmt"/>
      </file>
    </package>
  </project>
</coverage>
