{"C:\\Users\\User\\frontend-project-46\\src\\funcGenDiff.js": {"path":"C:\\Users\\User\\frontend-project-46\\src\\funcGenDiff.js","statementMap":{"0":{"start":{"line":5,"column":16},"end":{"line":13,"column":1}},"1":{"start":{"line":6,"column":15},"end":{"line":6,"column":38}},"2":{"start":{"line":7,"column":15},"end":{"line":7,"column":38}},"3":{"start":{"line":9,"column":19},"end":{"line":9,"column":43}},"4":{"start":{"line":10,"column":18},"end":{"line":10,"column":48}},"5":{"start":{"line":12,"column":2},"end":{"line":12,"column":17}}},"fnMap":{"0":{"name":"(anonymous_0)","decl":{"start":{"line":5,"column":16},"end":{"line":5,"column":17}},"loc":{"start":{"line":5,"column":50},"end":{"line":13,"column":1}},"line":5}},"branchMap":{},"s":{"0":1,"1":6,"2":6,"3":6,"4":6,"5":6},"f":{"0":6},"b":{},"_coverageSchema":"1a1c01bbd47fc00a2c39e90264f33305004495a9","hash":"7ea385fef238b204295430f779136eaeefa7fea5"}
,"C:\\Users\\User\\frontend-project-46\\src\\makeTree.js": {"path":"C:\\Users\\User\\frontend-project-46\\src\\makeTree.js","statementMap":{"0":{"start":{"line":3,"column":28},"end":{"line":24,"column":1}},"1":{"start":{"line":4,"column":20},"end":{"line":4,"column":33}},"2":{"start":{"line":5,"column":20},"end":{"line":5,"column":33}},"3":{"start":{"line":7,"column":19},"end":{"line":7,"column":58}},"4":{"start":{"line":9,"column":2},"end":{"line":23,"column":5}},"5":{"start":{"line":10,"column":4},"end":{"line":12,"column":5}},"6":{"start":{"line":11,"column":6},"end":{"line":11,"column":59}},"7":{"start":{"line":13,"column":4},"end":{"line":15,"column":5}},"8":{"start":{"line":14,"column":6},"end":{"line":14,"column":62}},"9":{"start":{"line":16,"column":4},"end":{"line":18,"column":5}},"10":{"start":{"line":17,"column":6},"end":{"line":17,"column":63}},"11":{"start":{"line":19,"column":4},"end":{"line":21,"column":5}},"12":{"start":{"line":20,"column":6},"end":{"line":20,"column":87}},"13":{"start":{"line":22,"column":4},"end":{"line":22,"column":71}},"14":{"start":{"line":26,"column":27},"end":{"line":26,"column":50}},"15":{"start":{"line":26,"column":37},"end":{"line":26,"column":50}},"16":{"start":{"line":27,"column":22},"end":{"line":27,"column":40}},"17":{"start":{"line":27,"column":32},"end":{"line":27,"column":40}},"18":{"start":{"line":28,"column":24},"end":{"line":28,"column":44}},"19":{"start":{"line":28,"column":34},"end":{"line":28,"column":44}},"20":{"start":{"line":29,"column":25},"end":{"line":29,"column":46}},"21":{"start":{"line":29,"column":35},"end":{"line":29,"column":46}}},"fnMap":{"0":{"name":"(anonymous_0)","decl":{"start":{"line":3,"column":28},"end":{"line":3,"column":29}},"loc":{"start":{"line":3,"column":46},"end":{"line":24,"column":1}},"line":3},"1":{"name":"(anonymous_1)","decl":{"start":{"line":9,"column":22},"end":{"line":9,"column":23}},"loc":{"start":{"line":9,"column":31},"end":{"line":23,"column":3}},"line":9},"2":{"name":"(anonymous_2)","decl":{"start":{"line":26,"column":27},"end":{"line":26,"column":28}},"loc":{"start":{"line":26,"column":37},"end":{"line":26,"column":50}},"line":26},"3":{"name":"(anonymous_3)","decl":{"start":{"line":27,"column":22},"end":{"line":27,"column":23}},"loc":{"start":{"line":27,"column":32},"end":{"line":27,"column":40}},"line":27},"4":{"name":"(anonymous_4)","decl":{"start":{"line":28,"column":24},"end":{"line":28,"column":25}},"loc":{"start":{"line":28,"column":34},"end":{"line":28,"column":44}},"line":28},"5":{"name":"(anonymous_5)","decl":{"start":{"line":29,"column":25},"end":{"line":29,"column":26}},"loc":{"start":{"line":29,"column":35},"end":{"line":29,"column":46}},"line":29}},"branchMap":{"0":{"loc":{"start":{"line":10,"column":4},"end":{"line":12,"column":5}},"type":"if","locations":[{"start":{"line":10,"column":4},"end":{"line":12,"column":5}},{"start":{},"end":{}}],"line":10},"1":{"loc":{"start":{"line":13,"column":4},"end":{"line":15,"column":5}},"type":"if","locations":[{"start":{"line":13,"column":4},"end":{"line":15,"column":5}},{"start":{},"end":{}}],"line":13},"2":{"loc":{"start":{"line":16,"column":4},"end":{"line":18,"column":5}},"type":"if","locations":[{"start":{"line":16,"column":4},"end":{"line":18,"column":5}},{"start":{},"end":{}}],"line":16},"3":{"loc":{"start":{"line":19,"column":4},"end":{"line":21,"column":5}},"type":"if","locations":[{"start":{"line":19,"column":4},"end":{"line":21,"column":5}},{"start":{},"end":{}}],"line":19},"4":{"loc":{"start":{"line":19,"column":8},"end":{"line":19,"column":66}},"type":"binary-expr","locations":[{"start":{"line":19,"column":8},"end":{"line":19,"column":35}},{"start":{"line":19,"column":39},"end":{"line":19,"column":66}}],"line":19}},"s":{"0":1,"1":18,"2":18,"3":18,"4":18,"5":69,"6":18,"7":51,"8":12,"9":39,"10":12,"11":27,"12":12,"13":15,"14":1,"15":12,"16":1,"17":84,"18":1,"19":67,"20":1,"21":185},"f":{"0":18,"1":69,"2":12,"3":84,"4":67,"5":185},"b":{"0":[18,51],"1":[12,39],"2":[12,27],"3":[12,15],"4":[27,15]},"_coverageSchema":"1a1c01bbd47fc00a2c39e90264f33305004495a9","hash":"40295fd13a1fee4c617dd463588a69dafa10bc5f"}
,"C:\\Users\\User\\frontend-project-46\\src\\parsers.js": {"path":"C:\\Users\\User\\frontend-project-46\\src\\parsers.js","statementMap":{"0":{"start":{"line":5,"column":16},"end":{"line":9,"column":1}},"1":{"start":{"line":11,"column":19},"end":{"line":11,"column":58}},"2":{"start":{"line":11,"column":37},"end":{"line":11,"column":58}},"3":{"start":{"line":13,"column":20},"end":{"line":13,"column":69}},"4":{"start":{"line":13,"column":33},"end":{"line":13,"column":69}},"5":{"start":{"line":15,"column":24},"end":{"line":19,"column":1}},"6":{"start":{"line":16,"column":15},"end":{"line":16,"column":61}},"7":{"start":{"line":17,"column":21},"end":{"line":17,"column":53}},"8":{"start":{"line":18,"column":2},"end":{"line":18,"column":24}},"9":{"start":{"line":21,"column":29},"end":{"line":21,"column":74}},"10":{"start":{"line":21,"column":42},"end":{"line":21,"column":74}}},"fnMap":{"0":{"name":"(anonymous_0)","decl":{"start":{"line":11,"column":19},"end":{"line":11,"column":20}},"loc":{"start":{"line":11,"column":37},"end":{"line":11,"column":58}},"line":11},"1":{"name":"(anonymous_1)","decl":{"start":{"line":13,"column":20},"end":{"line":13,"column":21}},"loc":{"start":{"line":13,"column":33},"end":{"line":13,"column":69}},"line":13},"2":{"name":"(anonymous_2)","decl":{"start":{"line":15,"column":24},"end":{"line":15,"column":25}},"loc":{"start":{"line":15,"column":37},"end":{"line":19,"column":1}},"line":15},"3":{"name":"(anonymous_3)","decl":{"start":{"line":21,"column":29},"end":{"line":21,"column":30}},"loc":{"start":{"line":21,"column":42},"end":{"line":21,"column":74}},"line":21}},"branchMap":{},"s":{"0":1,"1":1,"2":12,"3":1,"4":12,"5":1,"6":12,"7":12,"8":12,"9":1,"10":12},"f":{"0":12,"1":12,"2":12,"3":12},"b":{},"_coverageSchema":"1a1c01bbd47fc00a2c39e90264f33305004495a9","hash":"31a1fa391af1210c146ace12c9406dd54190fce3"}
,"C:\\Users\\User\\frontend-project-46\\src\\formatters\\index.js": {"path":"C:\\Users\\User\\frontend-project-46\\src\\formatters\\index.js","statementMap":{"0":{"start":{"line":5,"column":19},"end":{"line":9,"column":1}},"1":{"start":{"line":6,"column":2},"end":{"line":6,"column":52}},"2":{"start":{"line":6,"column":26},"end":{"line":6,"column":52}},"3":{"start":{"line":7,"column":2},"end":{"line":7,"column":51}},"4":{"start":{"line":7,"column":25},"end":{"line":7,"column":51}},"5":{"start":{"line":8,"column":2},"end":{"line":8,"column":27}}},"fnMap":{"0":{"name":"(anonymous_0)","decl":{"start":{"line":5,"column":19},"end":{"line":5,"column":20}},"loc":{"start":{"line":5,"column":37},"end":{"line":9,"column":1}},"line":5}},"branchMap":{"0":{"loc":{"start":{"line":6,"column":2},"end":{"line":6,"column":52}},"type":"if","locations":[{"start":{"line":6,"column":2},"end":{"line":6,"column":52}},{"start":{},"end":{}}],"line":6},"1":{"loc":{"start":{"line":7,"column":2},"end":{"line":7,"column":51}},"type":"if","locations":[{"start":{"line":7,"column":2},"end":{"line":7,"column":51}},{"start":{},"end":{}}],"line":7}},"s":{"0":1,"1":6,"2":1,"3":5,"4":0,"5":5},"f":{"0":6},"b":{"0":[1,5],"1":[0,5]},"_coverageSchema":"1a1c01bbd47fc00a2c39e90264f33305004495a9","hash":"b3190150ef6adebc3a02e766392f09451b49e26c"}
,"C:\\Users\\User\\frontend-project-46\\src\\formatters\\json.js": {"path":"C:\\Users\\User\\frontend-project-46\\src\\formatters\\json.js","statementMap":{"0":{"start":{"line":1,"column":21},"end":{"line":1,"column":51}},"1":{"start":{"line":1,"column":31},"end":{"line":1,"column":51}}},"fnMap":{"0":{"name":"(anonymous_0)","decl":{"start":{"line":1,"column":21},"end":{"line":1,"column":22}},"loc":{"start":{"line":1,"column":31},"end":{"line":1,"column":51}},"line":1}},"branchMap":{},"s":{"0":1,"1":0},"f":{"0":0},"b":{},"_coverageSchema":"1a1c01bbd47fc00a2c39e90264f33305004495a9","hash":"11f229e5d126dc4882ef6964d24ed2891e5f1bd5"}
,"C:\\Users\\User\\frontend-project-46\\src\\formatters\\plain.js": {"path":"C:\\Users\\User\\frontend-project-46\\src\\formatters\\plain.js","statementMap":{"0":{"start":{"line":6,"column":23},"end":{"line":10,"column":1}},"1":{"start":{"line":7,"column":2},"end":{"line":7,"column":49}},"2":{"start":{"line":7,"column":24},"end":{"line":7,"column":49}},"3":{"start":{"line":8,"column":2},"end":{"line":8,"column":51}},"4":{"start":{"line":8,"column":32},"end":{"line":8,"column":51}},"5":{"start":{"line":9,"column":2},"end":{"line":9,"column":14}},"6":{"start":{"line":12,"column":21},"end":{"line":37,"column":1}},"7":{"start":{"line":13,"column":15},"end":{"line":34,"column":3}},"8":{"start":{"line":14,"column":22},"end":{"line":32,"column":10}},"9":{"start":{"line":15,"column":23},"end":{"line":15,"column":64}},"10":{"start":{"line":16,"column":23},"end":{"line":16,"column":78}},"11":{"start":{"line":16,"column":37},"end":{"line":16,"column":78}},"12":{"start":{"line":18,"column":6},"end":{"line":20,"column":7}},"13":{"start":{"line":19,"column":8},"end":{"line":19,"column":67}},"14":{"start":{"line":21,"column":6},"end":{"line":23,"column":7}},"15":{"start":{"line":22,"column":8},"end":{"line":22,"column":43}},"16":{"start":{"line":24,"column":6},"end":{"line":26,"column":7}},"17":{"start":{"line":25,"column":8},"end":{"line":25,"column":77}},"18":{"start":{"line":27,"column":6},"end":{"line":29,"column":7}},"19":{"start":{"line":28,"column":8},"end":{"line":28,"column":81}},"20":{"start":{"line":31,"column":6},"end":{"line":31,"column":17}},"21":{"start":{"line":33,"column":4},"end":{"line":33,"column":21}},"22":{"start":{"line":35,"column":17},"end":{"line":35,"column":27}},"23":{"start":{"line":36,"column":2},"end":{"line":36,"column":48}}},"fnMap":{"0":{"name":"(anonymous_0)","decl":{"start":{"line":6,"column":23},"end":{"line":6,"column":24}},"loc":{"start":{"line":6,"column":33},"end":{"line":10,"column":1}},"line":6},"1":{"name":"(anonymous_1)","decl":{"start":{"line":12,"column":21},"end":{"line":12,"column":22}},"loc":{"start":{"line":12,"column":31},"end":{"line":37,"column":1}},"line":12},"2":{"name":"(anonymous_2)","decl":{"start":{"line":13,"column":15},"end":{"line":13,"column":16}},"loc":{"start":{"line":13,"column":39},"end":{"line":34,"column":3}},"line":13},"3":{"name":"(anonymous_3)","decl":{"start":{"line":14,"column":37},"end":{"line":14,"column":38}},"loc":{"start":{"line":14,"column":52},"end":{"line":32,"column":5}},"line":14},"4":{"name":"(anonymous_4)","decl":{"start":{"line":16,"column":23},"end":{"line":16,"column":24}},"loc":{"start":{"line":16,"column":37},"end":{"line":16,"column":78}},"line":16}},"branchMap":{"0":{"loc":{"start":{"line":7,"column":2},"end":{"line":7,"column":49}},"type":"if","locations":[{"start":{"line":7,"column":2},"end":{"line":7,"column":49}},{"start":{},"end":{}}],"line":7},"1":{"loc":{"start":{"line":8,"column":2},"end":{"line":8,"column":51}},"type":"if","locations":[{"start":{"line":8,"column":2},"end":{"line":8,"column":51}},{"start":{},"end":{}}],"line":8},"2":{"loc":{"start":{"line":13,"column":25},"end":{"line":13,"column":34}},"type":"default-arg","locations":[{"start":{"line":13,"column":32},"end":{"line":13,"column":34}}],"line":13},"3":{"loc":{"start":{"line":16,"column":24},"end":{"line":16,"column":32}},"type":"default-arg","locations":[{"start":{"line":16,"column":31},"end":{"line":16,"column":32}}],"line":16},"4":{"loc":{"start":{"line":18,"column":6},"end":{"line":20,"column":7}},"type":"if","locations":[{"start":{"line":18,"column":6},"end":{"line":20,"column":7}},{"start":{},"end":{}}],"line":18},"5":{"loc":{"start":{"line":21,"column":6},"end":{"line":23,"column":7}},"type":"if","locations":[{"start":{"line":21,"column":6},"end":{"line":23,"column":7}},{"start":{},"end":{}}],"line":21},"6":{"loc":{"start":{"line":24,"column":6},"end":{"line":26,"column":7}},"type":"if","locations":[{"start":{"line":24,"column":6},"end":{"line":26,"column":7}},{"start":{},"end":{}}],"line":24},"7":{"loc":{"start":{"line":27,"column":6},"end":{"line":29,"column":7}},"type":"if","locations":[{"start":{"line":27,"column":6},"end":{"line":29,"column":7}},{"start":{},"end":{}}],"line":27}},"s":{"0":1,"1":13,"2":3,"3":10,"4":7,"5":3,"6":1,"7":1,"8":5,"9":18,"10":18,"11":13,"12":18,"13":5,"14":13,"15":2,"16":11,"17":4,"18":7,"19":4,"20":3,"21":5,"22":1,"23":1},"f":{"0":13,"1":1,"2":5,"3":18,"4":13},"b":{"0":[3,10],"1":[7,3],"2":[1],"3":[9],"4":[5,13],"5":[2,11],"6":[4,7],"7":[4,3]},"_coverageSchema":"1a1c01bbd47fc00a2c39e90264f33305004495a9","hash":"5217a704713a357d841f773159fcec3b4f545563"}
,"C:\\Users\\User\\frontend-project-46\\src\\formatters\\stylish.js": {"path":"C:\\Users\\User\\frontend-project-46\\src\\formatters\\stylish.js","statementMap":{"0":{"start":{"line":6,"column":21},"end":{"line":13,"column":1}},"1":{"start":{"line":7,"column":2},"end":{"line":7,"column":37}},"2":{"start":{"line":7,"column":25},"end":{"line":7,"column":37}},"3":{"start":{"line":8,"column":16},"end":{"line":8,"column":34}},"4":{"start":{"line":9,"column":17},"end":{"line":11,"column":13}},"5":{"start":{"line":10,"column":27},"end":{"line":10,"column":80}},"6":{"start":{"line":12,"column":2},"end":{"line":12,"column":50}},"7":{"start":{"line":15,"column":20},"end":{"line":36,"column":1}},"8":{"start":{"line":16,"column":17},"end":{"line":34,"column":8}},"9":{"start":{"line":17,"column":21},"end":{"line":17,"column":51}},"10":{"start":{"line":18,"column":19},"end":{"line":18,"column":103}},"11":{"start":{"line":18,"column":33},"end":{"line":18,"column":103}},"12":{"start":{"line":20,"column":4},"end":{"line":22,"column":5}},"13":{"start":{"line":21,"column":6},"end":{"line":21,"column":39}},"14":{"start":{"line":23,"column":4},"end":{"line":25,"column":5}},"15":{"start":{"line":24,"column":6},"end":{"line":24,"column":39}},"16":{"start":{"line":26,"column":4},"end":{"line":28,"column":5}},"17":{"start":{"line":27,"column":6},"end":{"line":27,"column":39}},"18":{"start":{"line":29,"column":4},"end":{"line":31,"column":5}},"19":{"start":{"line":30,"column":6},"end":{"line":30,"column":92}},"20":{"start":{"line":33,"column":4},"end":{"line":33,"column":72}},"21":{"start":{"line":35,"column":2},"end":{"line":35,"column":51}}},"fnMap":{"0":{"name":"(anonymous_0)","decl":{"start":{"line":6,"column":21},"end":{"line":6,"column":22}},"loc":{"start":{"line":6,"column":38},"end":{"line":13,"column":1}},"line":6},"1":{"name":"(anonymous_1)","decl":{"start":{"line":10,"column":9},"end":{"line":10,"column":10}},"loc":{"start":{"line":10,"column":27},"end":{"line":10,"column":80}},"line":10},"2":{"name":"(anonymous_2)","decl":{"start":{"line":15,"column":20},"end":{"line":15,"column":21}},"loc":{"start":{"line":15,"column":55},"end":{"line":36,"column":1}},"line":15},"3":{"name":"(anonymous_3)","decl":{"start":{"line":16,"column":29},"end":{"line":16,"column":30}},"loc":{"start":{"line":16,"column":44},"end":{"line":34,"column":3}},"line":16},"4":{"name":"(anonymous_4)","decl":{"start":{"line":18,"column":19},"end":{"line":18,"column":20}},"loc":{"start":{"line":18,"column":33},"end":{"line":18,"column":103}},"line":18}},"branchMap":{"0":{"loc":{"start":{"line":7,"column":2},"end":{"line":7,"column":37}},"type":"if","locations":[{"start":{"line":7,"column":2},"end":{"line":7,"column":37}},{"start":{},"end":{}}],"line":7},"1":{"loc":{"start":{"line":15,"column":27},"end":{"line":15,"column":36}},"type":"default-arg","locations":[{"start":{"line":15,"column":35},"end":{"line":15,"column":36}}],"line":15},"2":{"loc":{"start":{"line":15,"column":38},"end":{"line":15,"column":50}},"type":"default-arg","locations":[{"start":{"line":15,"column":46},"end":{"line":15,"column":50}}],"line":15},"3":{"loc":{"start":{"line":18,"column":20},"end":{"line":18,"column":28}},"type":"default-arg","locations":[{"start":{"line":18,"column":27},"end":{"line":18,"column":28}}],"line":18},"4":{"loc":{"start":{"line":20,"column":4},"end":{"line":22,"column":5}},"type":"if","locations":[{"start":{"line":20,"column":4},"end":{"line":22,"column":5}},{"start":{},"end":{}}],"line":20},"5":{"loc":{"start":{"line":23,"column":4},"end":{"line":25,"column":5}},"type":"if","locations":[{"start":{"line":23,"column":4},"end":{"line":25,"column":5}},{"start":{},"end":{}}],"line":23},"6":{"loc":{"start":{"line":26,"column":4},"end":{"line":28,"column":5}},"type":"if","locations":[{"start":{"line":26,"column":4},"end":{"line":28,"column":5}},{"start":{},"end":{}}],"line":26},"7":{"loc":{"start":{"line":29,"column":4},"end":{"line":31,"column":5}},"type":"if","locations":[{"start":{"line":29,"column":4},"end":{"line":31,"column":5}},{"start":{},"end":{}}],"line":29}},"s":{"0":1,"1":72,"2":58,"3":14,"4":14,"5":18,"6":14,"7":1,"8":13,"9":51,"10":51,"11":54,"12":51,"13":13,"14":38,"15":10,"16":28,"17":9,"18":19,"19":8,"20":11,"21":13},"f":{"0":72,"1":18,"2":13,"3":51,"4":54},"b":{"0":[58,14],"1":[5],"2":[13],"3":[43],"4":[13,38],"5":[10,28],"6":[9,19],"7":[8,11]},"_coverageSchema":"1a1c01bbd47fc00a2c39e90264f33305004495a9","hash":"59c59e41bc90ee3ff7573473ad0e0a053d211594"}
}
