TN:
SF:src\funcGenDiff.js
FN:5,(anonymous_0)
FNF:1
FNH:1
FNDA:6,(anonymous_0)
DA:5,1
DA:6,6
DA:7,6
DA:9,6
DA:10,6
DA:12,6
LF:6
LH:6
BRF:0
BRH:0
end_of_record
TN:
SF:src\makeTree.js
FN:3,(anonymous_0)
FN:9,(anonymous_1)
FN:26,(anonymous_2)
FN:27,(anonymous_3)
FN:28,(anonymous_4)
FN:29,(anonymous_5)
FNF:6
FNH:6
FNDA:18,(anonymous_0)
FNDA:69,(anonymous_1)
FNDA:12,(anonymous_2)
FNDA:84,(anonymous_3)
FNDA:67,(anonymous_4)
FNDA:185,(anonymous_5)
DA:3,1
DA:4,18
DA:5,18
DA:7,18
DA:9,18
DA:10,69
DA:11,18
DA:13,51
DA:14,12
DA:16,39
DA:17,12
DA:19,27
DA:20,12
DA:22,15
DA:26,12
DA:27,84
DA:28,67
DA:29,185
LF:18
LH:18
BRDA:10,0,0,18
BRDA:10,0,1,51
BRDA:13,1,0,12
BRDA:13,1,1,39
BRDA:16,2,0,12
BRDA:16,2,1,27
BRDA:19,3,0,12
BRDA:19,3,1,15
BRDA:19,4,0,27
BRDA:19,4,1,15
BRF:10
BRH:10
end_of_record
TN:
SF:src\parsers.js
FN:11,(anonymous_0)
FN:13,(anonymous_1)
FN:15,(anonymous_2)
FN:21,(anonymous_3)
FNF:4
FNH:4
FNDA:12,(anonymous_0)
FNDA:12,(anonymous_1)
FNDA:12,(anonymous_2)
FNDA:12,(anonymous_3)
DA:5,1
DA:11,12
DA:13,12
DA:15,1
DA:16,12
DA:17,12
DA:18,12
DA:21,12
LF:8
LH:8
BRF:0
BRH:0
end_of_record
TN:
SF:src\formatters\index.js
FN:5,(anonymous_0)
FNF:1
FNH:1
FNDA:6,(anonymous_0)
DA:5,1
DA:6,6
DA:7,5
DA:8,5
LF:4
LH:4
BRDA:6,0,0,1
BRDA:6,0,1,5
BRDA:7,1,0,0
BRDA:7,1,1,5
BRF:4
BRH:3
end_of_record
TN:
SF:src\formatters\json.js
FN:1,(anonymous_0)
FNF:1
FNH:0
FNDA:0,(anonymous_0)
DA:1,1
LF:1
LH:1
BRF:0
BRH:0
end_of_record
TN:
SF:src\formatters\plain.js
FN:6,(anonymous_0)
FN:12,(anonymous_1)
FN:13,(anonymous_2)
FN:14,(anonymous_3)
FN:16,(anonymous_4)
FNF:5
FNH:5
FNDA:13,(anonymous_0)
FNDA:1,(anonymous_1)
FNDA:5,(anonymous_2)
FNDA:18,(anonymous_3)
FNDA:13,(anonymous_4)
DA:6,1
DA:7,13
DA:8,10
DA:9,3
DA:12,1
DA:13,1
DA:14,5
DA:15,18
DA:16,18
DA:18,18
DA:19,5
DA:21,13
DA:22,2
DA:24,11
DA:25,4
DA:27,7
DA:28,4
DA:31,3
DA:33,5
DA:35,1
DA:36,1
LF:21
LH:21
BRDA:7,0,0,3
BRDA:7,0,1,10
BRDA:8,1,0,7
BRDA:8,1,1,3
BRDA:13,2,0,1
BRDA:16,3,0,9
BRDA:18,4,0,5
BRDA:18,4,1,13
BRDA:21,5,0,2
BRDA:21,5,1,11
BRDA:24,6,0,4
BRDA:24,6,1,7
BRDA:27,7,0,4
BRDA:27,7,1,3
BRF:14
BRH:14
end_of_record
TN:
SF:src\formatters\stylish.js
FN:6,(anonymous_0)
FN:10,(anonymous_1)
FN:15,(anonymous_2)
FN:16,(anonymous_3)
FN:18,(anonymous_4)
FNF:5
FNH:5
FNDA:72,(anonymous_0)
FNDA:18,(anonymous_1)
FNDA:13,(anonymous_2)
FNDA:51,(anonymous_3)
FNDA:54,(anonymous_4)
DA:6,1
DA:7,72
DA:8,14
DA:9,14
DA:10,18
DA:12,14
DA:15,1
DA:16,13
DA:17,51
DA:18,54
DA:20,51
DA:21,13
DA:23,38
DA:24,10
DA:26,28
DA:27,9
DA:29,19
DA:30,8
DA:33,11
DA:35,13
LF:20
LH:20
BRDA:7,0,0,58
BRDA:7,0,1,14
BRDA:15,1,0,5
BRDA:15,2,0,13
BRDA:18,3,0,43
BRDA:20,4,0,13
BRDA:20,4,1,38
BRDA:23,5,0,10
BRDA:23,5,1,28
BRDA:26,6,0,9
BRDA:26,6,1,19
BRDA:29,7,0,8
BRDA:29,7,1,11
BRF:13
BRH:13
end_of_record
